124
162
301
201
139
97
53
193
154
176
134
216
187
170
172
204
127
221
165
86
139
124
121
100
219
199
176
138
141
155
135
240
146
189
157
167
179
136
150
36
185
262
266
138
148
202
109
73
100
165
243
139
147
164
148
226
98
114
221
106
132
159
221
147
119
72
172
158
144
231
193
156
86
95
213
177
130
86
131
205
159
139
40
156
183
156
162
162
88
121
212
165
148
171
172
231
73
111
56
222
164
132
165
196
134
121
121
200
168
180
202
306
197
155
218
224
147
187
198
133
127
172
163
183
262
102
109
175
178
182
152
170
207
154
173
205
130
140
172
131
152
202
241
204
129
228
161
197
212
173
126
129
123
173
92
25
242
183
122
173
226
180
131
104
156
197
220
81
152
103
132
186
147
198
177
120
239
172
191
176
209
152
171
134
108
207
144
160
150
261
94
98
139
199
185
85
130
145
200
112
164
101
169
206
130
211
193
179
86
47
77
213
166
110
132
119
243
170
159
141
83
227
154
91
210
126
68
149
90
127
160
96
129
143
157
148
154
113
190
229
155
181
178
111
81
157
234
114
83
144
115
122
158
168
200
129
183
142
279
108
113
133
180
199
147
120
119
203
209
182
200
100
208
132
89
212
233
240
175
168
80
116
76
135
162
59
212
154
209
157
233
105
144
137
122
224
78
123
105
132
170
138
186
105
118
213
277
192
89
138
257
155
138
258
269
163
205
232
94
188
137
181
136
163
71
140
229
141
132
116
184
117
151
106
91
213
195
167
87
127
209
161
215
82
225
157
147
186
138
194
184
174
156
136
225
111
179
192
117
187
81
205
179
87
196
210
187
135
166
188
90
187
222
111
66
212
193
170
180
88
222
121
204
166
176
108
157
110
231
139
54
203
158
122
175
167
193
200
251
183
239
169
212
230
134
193
264
159
114
94
166
129
116
271
101
203
120
206
133
159
124
236
111
164
186
187
197
122
158
259
150
178
257
219
159
224
120
266
144
112
192
200
126
141
241
104
196
161
72
261
255
278
100
254
82
218
199
182
215
177
151
59
100
213
105
190
147
202
102
146
190
144
128
67
98
155
128
138
127
179
110
165
108
173
219
214
126
181
42
111
214
124
162
100
150
152
204
215
167
256
123
70
194
201
239
145
178
185
186
40
88
106
161
132
162
132
234
244
171
216
246
179
199
161
52
147
164
144
193
198
159
155
136
166
129
51
169
244
60
114
176
124
165
150
107
241
120
171
123
156
188
150
152
152
220
140
142
192
139
159
145
210
46
227
218
172
133
185
139
79
99
102
240
128
208
125
209
163
172
86
76
257
202
174
147
193
224
138
99
132
188
107
106
152
180
130
174
132
217
270
120
249
175
77
267
153
187
190
127
126
216
188
66
259
242
215
64
250
86
126
185
169
248
214
202
98
88
74
179
191
149
164
225
156
208
177
210
220
158
120
174
190
169
242
98
205
111
152
66
161
134
87
196
217
191
214
196
219
212
199
234
133
131
246
180
102
163
184
256
220
205
177
152
107
161
172
90
144
209
190
134
203
116
220
151
134
80
122
229
220
130
115
194
127
183
77
116
214
180
120
77
203
169
223
245
204
187
188
139
148
102
198
122
135
204
248
198
159
139
145
188
169
67
122
94
172
80
176
113
181
137
212
210
222
194
234
94
145
232
96
190
201
136
182
239
212
79
119
173
201
227
108
191
168
239
124
168
149
155
82
199
146
189
167
120
158
158
241
180
139
176
212
160
248
36
185
199
244
131
136
207
150
169
135
190
93
169
169
236
229
120
252
178
115
86
174
76
61
130
150
114
212
129
109
114
212
211
180
92
229
163
123
82
98
263
130
224
109
215
180
68
126
204
150
152
157
129
33
145
91
125
187
108
229
97
221
175
145
161
207
130
158
185
246
134
199
152
188
210
259
106
135
208
151
201
153
224
95
143
201
223
221
221
106
70
166
34
218
157
227
248
217
127
127
229
95
90
125
136
119
170
170
176
105
223
122
58
181
247
282
189
187
124
184
173
113
123
234
210
60
154
219
193
112
128
190
212
120
201
125
131
182
209
158
146
220
234
171
115
156
89
173
177
213
103
194
150
144
205
211
155
179
184
162
212
273
174
67
114
162
165
207
171
247
112
216
207
128
165
141
195
200
128
212
239
111
232
136
131
264
212
179
120
191
184
140
295
159
101
208
53
195
122
145
154
129
126
194
199
82
248
169
187
119
163
215
243
103
151
276
134
197
57
137
130
168
83
117
73
174
