2 1: 1061109567
2 2: 1061109567
2 3: 1061109567
2 4: 1061109567
2 5: 1061109567
2 6: 1061109567
2 7: 1061109567
2 8: 926
2 9: 1061109567
2 10: 1817
2 11: 2644
2 12: 1476
2 13: 2856
2 14: 1950
7 1: 2413
7 2: 1587
7 3: 1694
7 4: 2731
7 5: 2745
7 6: 2813
7 7: 2179
7 8: 1471
7 9: 1061109567
7 10: 2362
7 11: 3189
7 12: 2021
7 13: 3401
7 14: 2495
2 1: 2958
2 2: 2132
2 3: 2239
2 4: 3276
2 5: 3290
2 6: 3358
2 7: 2724
2 8: 2016
2 9: 1061109567
2 10: 2907
2 11: 3734
2 12: 2566
2 13: 3946
2 14: 3040
13 1: 4772
13 2: 3946
13 3: 4053
13 4: 4051
13 5: 3128
13 6: 5042
13 7: 4538
13 8: 3830
13 9: 1061109567
13 10: 4029
13 11: 4185
13 12: 4380
13 13: 3000
13 14: 3605
5 1: 4980
5 2: 4474
5 3: 4581
5 4: 4579
5 5: 3656
5 6: 5570
5 7: 5066
5 8: 4358
5 9: 1061109567
5 10: 4557
5 11: 4713
5 12: 4908
5 13: 3528
5 14: 4133
13 1: 4542
13 2: 5002
13 3: 5109
13 4: 5107
13 5: 4184
13 6: 6098
13 7: 5594
13 8: 4886
13 9: 1061109567
13 10: 5085
13 11: 5241
13 12: 4724
13 13: 4056
13 14: 4661
14 1: 5662
14 2: 6122
14 3: 6229
14 4: 6227
14 5: 5304
14 6: 7218
14 7: 6714
14 8: 6006
14 9: 1061109567
14 10: 6205
14 11: 6361
14 12: 5844
14 13: 5176
14 14: 4827
5 1: 6101
5 2: 6714
5 3: 6821
5 4: 6819
5 5: 5896
5 6: 7810
5 7: 7306
5 8: 6598
5 9: 1061109567
5 10: 6797
5 11: 6877
5 12: 5709
5 13: 5768
5 14: 5419
4 1: 7391
4 2: 7866
4 3: 8111
4 4: 7490
4 5: 6232
4 6: 8928
4 7: 8596
4 8: 6339
4 9: 1061109567
4 10: 6906
4 11: 6701
4 12: 6999
4 13: 6796
4 14: 6709
5 1: 8119
5 2: 8219
5 3: 9099
5 4: 7699
5 5: 7522
5 6: 8724
5 7: 8863
5 8: 7629
5 9: 1061109567
5 10: 7781
5 11: 7991
5 12: 7980
5 13: 7312
5 14: 7999
7312
